2025-03-20 03:31:14,260 - WARNING -  * Debugger is active!
2025-03-20 03:31:14,262 - INFO -  * Debugger PIN: 601-453-760
2025-03-20 03:31:16,122 - INFO - [31m[1mWARNING: This is a development server. Do not use it in a production deployment. Use a production WSGI server instead.[0m
 * Running on http://127.0.0.1:5000
2025-03-20 03:31:16,122 - INFO - [33mPress CTRL+C to quit[0m
2025-03-20 03:31:16,127 - INFO -  * Restarting with watchdog (windowsapi)
2025-03-20 03:31:16,872 - WARNING -  * Debugger is active!
2025-03-20 03:31:16,873 - INFO -  * Debugger PIN: 601-453-760
2025-03-20 03:31:24,423 - INFO - [31m[1mWARNING: This is a development server. Do not use it in a production deployment. Use a production WSGI server instead.[0m
 * Running on http://127.0.0.1:5000
2025-03-20 03:31:24,425 - INFO - [33mPress CTRL+C to quit[0m
2025-03-20 03:31:24,429 - INFO -  * Restarting with watchdog (windowsapi)
2025-03-20 03:31:25,186 - WARNING -  * Debugger is active!
2025-03-20 03:31:25,188 - INFO -  * Debugger PIN: 601-453-760
2025-03-20 03:31:43,300 - WARNING -  * Debugger is active!
2025-03-20 03:31:43,302 - INFO -  * Debugger PIN: 601-453-760
2025-03-20 03:31:45,861 - INFO - [31m[1mWARNING: This is a development server. Do not use it in a production deployment. Use a production WSGI server instead.[0m
 * Running on http://127.0.0.1:5000
2025-03-20 03:31:45,861 - INFO - [33mPress CTRL+C to quit[0m
2025-03-20 03:31:45,871 - INFO -  * Restarting with watchdog (windowsapi)
2025-03-20 03:31:47,623 - WARNING -  * Debugger is active!
2025-03-20 03:31:47,626 - INFO -  * Debugger PIN: 601-453-760
2025-03-20 03:31:52,427 - INFO -  * Detected change in 'C:\\Users\\ASUS\\PycharmProjects\\ThingV2\\venv\\Lib\\site-packages\\setuptools\\_vendor\\pyparsing\\core.py', reloading
2025-03-20 03:31:52,428 - INFO -  * Detected change in 'C:\\Users\\ASUS\\PycharmProjects\\ThingV2\\venv\\Lib\\site-packages\\setuptools\\_vendor\\pyparsing\\core.py', reloading
2025-03-20 03:31:52,442 - INFO -  * Detected change in 'C:\\Users\\ASUS\\PycharmProjects\\ThingV2\\venv\\Lib\\site-packages\\setuptools\\_vendor\\packaging\\markers.py', reloading
2025-03-20 03:31:52,442 - INFO -  * Detected change in 'C:\\Users\\ASUS\\PycharmProjects\\ThingV2\\venv\\Lib\\site-packages\\setuptools\\_vendor\\packaging\\markers.py', reloading
2025-03-20 03:31:53,049 - INFO -  * Restarting with watchdog (windowsapi)
2025-03-20 03:31:53,893 - WARNING -  * Debugger is active!
2025-03-20 03:31:53,896 - INFO -  * Debugger PIN: 601-453-760
2025-03-20 03:31:53,927 - INFO -  * Detected change in 'C:\\Users\\ASUS\\AppData\\Roaming\\Python\\Python311\\site-packages\\tensorflow\\python\\ops\\data_flow_grad.py', reloading
2025-03-20 03:31:53,952 - WARNING -  * Debugger is active!
2025-03-20 03:31:53,952 - INFO -  * Detected change in 'C:\\Users\\ASUS\\AppData\\Roaming\\Python\\Python311\\site-packages\\tensorflow\\python\\training\\queue_runner_impl.py', reloading
2025-03-20 03:31:53,954 - INFO -  * Debugger PIN: 601-453-760
2025-03-20 03:31:53,964 - INFO -  * Detected change in 'C:\\Users\\ASUS\\AppData\\Roaming\\Python\\Python311\\site-packages\\tensorflow\\python\\ops\\ragged\\ragged_array_ops.py', reloading
2025-03-20 03:31:53,967 - INFO -  * Detected change in 'C:\\Users\\ASUS\\AppData\\Roaming\\Python\\Python311\\site-packages\\tensorflow\\python\\ops\\ragged\\ragged_gather_ops.py', reloading
2025-03-20 03:31:53,974 - INFO -  * Detected change in 'C:\\Users\\ASUS\\AppData\\Roaming\\Python\\Python311\\site-packages\\tensorflow\\python\\ops\\nn_grad.py', reloading
2025-03-20 03:31:53,978 - INFO -  * Detected change in 'C:\\Users\\ASUS\\AppData\\Roaming\\Python\\Python311\\site-packages\\tensorflow\\python\\ops\\ctc_ops.py', reloading
2025-03-20 03:31:53,997 - INFO -  * Detected change in 'C:\\Users\\ASUS\\AppData\\Roaming\\Python\\Python311\\site-packages\\tensorflow\\python\\ops\\image_ops_impl.py', reloading
2025-03-20 03:31:53,997 - INFO -  * Detected change in 'C:\\Users\\ASUS\\AppData\\Roaming\\Python\\Python311\\site-packages\\tensorflow\\python\\ops\\image_ops_impl.py', reloading
2025-03-20 03:31:54,005 - INFO -  * Detected change in 'C:\\Users\\ASUS\\AppData\\Roaming\\Python\\Python311\\site-packages\\tensorflow\\python\\ops\\image_ops.py', reloading
2025-03-20 03:31:54,005 - INFO -  * Detected change in 'C:\\Users\\ASUS\\AppData\\Roaming\\Python\\Python311\\site-packages\\tensorflow\\python\\ops\\image_ops.py', reloading
2025-03-20 03:31:54,006 - INFO -  * Detected change in 'C:\\Users\\ASUS\\AppData\\Roaming\\Python\\Python311\\site-packages\\tensorflow\\python\\ops\\tensor_array_grad.py', reloading
2025-03-20 03:31:54,014 - INFO -  * Detected change in 'C:\\Users\\ASUS\\AppData\\Roaming\\Python\\Python311\\site-packages\\tensorflow\\compiler\\jit\\ops\\xla_ops_grad.py', reloading
2025-03-20 03:31:54,014 - INFO -  * Detected change in 'C:\\Users\\ASUS\\AppData\\Roaming\\Python\\Python311\\site-packages\\tensorflow\\compiler\\jit\\ops\\xla_ops_grad.py', reloading
2025-03-20 03:31:54,059 - INFO -  * Detected change in 'C:\\Users\\ASUS\\AppData\\Roaming\\Python\\Python311\\site-packages\\tensorflow\\python\\ops\\sets_impl.py', reloading
2025-03-20 03:31:54,059 - INFO -  * Detected change in 'C:\\Users\\ASUS\\AppData\\Roaming\\Python\\Python311\\site-packages\\tensorflow\\python\\ops\\sets_impl.py', reloading
2025-03-20 03:31:54,124 - INFO -  * Detected change in 'C:\\Users\\ASUS\\AppData\\Roaming\\Python\\Python311\\site-packages\\tensorflow\\python\\ops\\nccl_ops.py', reloading
2025-03-20 03:31:54,124 - INFO -  * Detected change in 'C:\\Users\\ASUS\\AppData\\Roaming\\Python\\Python311\\site-packages\\tensorflow\\python\\ops\\nccl_ops.py', reloading
2025-03-20 03:31:54,226 - INFO -  * Detected change in 'C:\\Users\\ASUS\\AppData\\Roaming\\Python\\Python311\\site-packages\\pyparsing\\core.py', reloading
2025-03-20 03:31:54,226 - INFO -  * Detected change in 'C:\\Users\\ASUS\\AppData\\Roaming\\Python\\Python311\\site-packages\\pyparsing\\core.py', reloading
2025-03-20 03:31:54,271 - INFO -  * Detected change in 'C:\\Users\\ASUS\\AppData\\Roaming\\Python\\Python311\\site-packages\\tensorflow\\python\\tpu\\tpu.py', reloading
2025-03-20 03:31:54,271 - INFO -  * Detected change in 'C:\\Users\\ASUS\\AppData\\Roaming\\Python\\Python311\\site-packages\\tensorflow\\python\\tpu\\tpu.py', reloading
2025-03-20 03:31:54,351 - INFO -  * Detected change in 'C:\\Users\\ASUS\\AppData\\Roaming\\Python\\Python311\\site-packages\\tensorflow\\python\\ops\\cudnn_rnn_grad.py', reloading
2025-03-20 03:31:54,351 - INFO -  * Detected change in 'C:\\Users\\ASUS\\AppData\\Roaming\\Python\\Python311\\site-packages\\tensorflow\\python\\ops\\cudnn_rnn_grad.py', reloading
2025-03-20 03:31:54,353 - INFO -  * Detected change in 'C:\\Users\\ASUS\\AppData\\Roaming\\Python\\Python311\\site-packages\\tensorflow\\python\\ops\\rnn_grad.py', reloading
2025-03-20 03:31:54,354 - INFO -  * Detected change in 'C:\\Users\\ASUS\\AppData\\Roaming\\Python\\Python311\\site-packages\\tensorflow\\python\\ops\\rnn_grad.py', reloading
2025-03-20 03:31:54,355 - INFO -  * Detected change in 'C:\\Users\\ASUS\\AppData\\Roaming\\Python\\Python311\\site-packages\\tensorflow\\python\\ops\\sparse_grad.py', reloading
2025-03-20 03:31:54,355 - INFO -  * Detected change in 'C:\\Users\\ASUS\\AppData\\Roaming\\Python\\Python311\\site-packages\\tensorflow\\python\\ops\\sparse_grad.py', reloading
2025-03-20 03:31:54,357 - INFO -  * Detected change in 'C:\\Users\\ASUS\\AppData\\Roaming\\Python\\Python311\\site-packages\\tensorflow\\python\\ops\\state_grad.py', reloading
2025-03-20 03:31:54,357 - INFO -  * Detected change in 'C:\\Users\\ASUS\\AppData\\Roaming\\Python\\Python311\\site-packages\\tensorflow\\python\\ops\\state_grad.py', reloading
2025-03-20 03:31:54,365 - INFO -  * Detected change in 'C:\\Users\\ASUS\\AppData\\Roaming\\Python\\Python311\\site-packages\\tensorflow\\python\\ops\\proto_ops.py', reloading
2025-03-20 03:31:54,793 - INFO -  * Detected change in 'C:\\Users\\ASUS\\AppData\\Roaming\\Python\\Python311\\site-packages\\tensorflow\\python\\ops\\cond_v2.py', reloading
2025-03-20 03:31:54,793 - INFO -  * Detected change in 'C:\\Users\\ASUS\\AppData\\Roaming\\Python\\Python311\\site-packages\\tensorflow\\python\\ops\\cond_v2.py', reloading
2025-03-20 03:31:54,801 - INFO -  * Detected change in 'C:\\Users\\ASUS\\AppData\\Roaming\\Python\\Python311\\site-packages\\tensorflow\\python\\ops\\while_v2.py', reloading
2025-03-20 03:31:54,801 - INFO -  * Detected change in 'C:\\Users\\ASUS\\AppData\\Roaming\\Python\\Python311\\site-packages\\tensorflow\\python\\ops\\while_v2.py', reloading
2025-03-20 03:31:54,829 - INFO -  * Detected change in 'C:\\Users\\ASUS\\AppData\\Roaming\\Python\\Python311\\site-packages\\tensorflow\\python\\ops\\signal\\fft_ops.py', reloading
2025-03-20 03:31:54,830 - INFO -  * Detected change in 'C:\\Users\\ASUS\\AppData\\Roaming\\Python\\Python311\\site-packages\\tensorflow\\python\\ops\\signal\\fft_ops.py', reloading
2025-03-20 03:31:54,901 - INFO -  * Detected change in 'C:\\Users\\ASUS\\AppData\\Roaming\\Python\\Python311\\site-packages\\tensorflow\\python\\ops\\linalg\\sparse\\sparse_csr_matrix_grad.py', reloading
2025-03-20 03:31:54,902 - INFO -  * Detected change in 'C:\\Users\\ASUS\\AppData\\Roaming\\Python\\Python311\\site-packages\\tensorflow\\python\\ops\\linalg\\sparse\\sparse_csr_matrix_grad.py', reloading
2025-03-20 03:31:54,908 - INFO -  * Detected change in 'C:\\Users\\ASUS\\AppData\\Roaming\\Python\\Python311\\site-packages\\tensorflow\\python\\ops\\ragged\\ragged_conversion_ops.py', reloading
2025-03-20 03:31:54,908 - INFO -  * Detected change in 'C:\\Users\\ASUS\\AppData\\Roaming\\Python\\Python311\\site-packages\\tensorflow\\python\\ops\\ragged\\ragged_conversion_ops.py', reloading
2025-03-20 03:31:54,929 - INFO -  * Detected change in 'C:\\Users\\ASUS\\AppData\\Roaming\\Python\\Python311\\site-packages\\tensorflow\\python\\profiler\\internal\\flops_registry.py', reloading
2025-03-20 03:31:54,929 - INFO -  * Detected change in 'C:\\Users\\ASUS\\AppData\\Roaming\\Python\\Python311\\site-packages\\tensorflow\\python\\profiler\\internal\\flops_registry.py', reloading
2025-03-20 03:31:54,986 - INFO -  * Detected change in 'C:\\Users\\ASUS\\AppData\\Roaming\\Python\\Python311\\site-packages\\tensorflow\\python\\ops\\sdca_ops.py', reloading
2025-03-20 03:31:55,124 - INFO -  * Restarting with watchdog (windowsapi)
2025-03-20 03:31:56,087 - WARNING -  * Debugger is active!
2025-03-20 03:31:56,090 - INFO -  * Debugger PIN: 601-453-760
2025-03-20 03:31:56,156 - WARNING -  * Debugger is active!
2025-03-20 03:31:56,159 - INFO -  * Debugger PIN: 601-453-760
2025-03-20 03:31:56,278 - INFO -  * Detected change in 'C:\\Users\\ASUS\\AppData\\Roaming\\Python\\Python311\\site-packages\\tensorflow\\dtensor\\python\\api.py', reloading
2025-03-20 03:31:56,278 - INFO -  * Detected change in 'C:\\Users\\ASUS\\AppData\\Roaming\\Python\\Python311\\site-packages\\tensorflow\\dtensor\\python\\api.py', reloading
2025-03-20 03:31:56,476 - INFO -  * Detected change in 'C:\\Users\\ASUS\\PycharmProjects\\ThingV2\\venv\\Lib\\site-packages\\setuptools\\_distutils\\version.py', reloading
2025-03-20 03:31:56,534 - INFO -  * Detected change in 'C:\\Program Files\\Python311\\Lib\\multiprocessing\\process.py', reloading
2025-03-20 03:31:56,534 - INFO -  * Detected change in 'C:\\Program Files\\Python311\\Lib\\multiprocessing\\process.py', reloading
2025-03-20 03:31:57,380 - INFO -  * Restarting with watchdog (windowsapi)
2025-03-20 03:31:58,321 - WARNING -  * Debugger is active!
2025-03-20 03:31:58,324 - INFO -  * Debugger PIN: 601-453-760
2025-03-20 03:31:58,351 - WARNING -  * Debugger is active!
2025-03-20 03:31:58,354 - INFO -  * Debugger PIN: 601-453-760
2025-03-20 03:32:16,028 - INFO - [31m[1mWARNING: This is a development server. Do not use it in a production deployment. Use a production WSGI server instead.[0m
 * Running on http://127.0.0.1:5000
2025-03-20 03:32:16,028 - INFO - [33mPress CTRL+C to quit[0m
2025-03-20 03:32:16,032 - INFO -  * Restarting with watchdog (windowsapi)
2025-03-20 03:32:16,796 - WARNING -  * Debugger is active!
2025-03-20 03:32:16,798 - INFO -  * Debugger PIN: 601-453-760
2025-03-20 03:32:21,439 - INFO - [31m[1mWARNING: This is a development server. Do not use it in a production deployment. Use a production WSGI server instead.[0m
 * Running on http://127.0.0.1:5000
2025-03-20 03:32:21,439 - INFO - [33mPress CTRL+C to quit[0m
2025-03-20 03:32:21,443 - INFO -  * Restarting with watchdog (windowsapi)
2025-03-20 03:32:22,184 - WARNING -  * Debugger is active!
2025-03-20 03:32:22,186 - INFO -  * Debugger PIN: 601-453-760
2025-03-20 03:33:07,652 - INFO -  * Detected change in 'C:\\Users\\ASUS\\PycharmProjects\\ThingV2\\main.py', reloading
2025-03-20 03:33:07,652 - INFO -  * Detected change in 'C:\\Users\\ASUS\\PycharmProjects\\ThingV2\\main.py', reloading
2025-03-20 03:33:07,652 - INFO -  * Detected change in 'C:\\Users\\ASUS\\PycharmProjects\\ThingV2\\main.py', reloading
2025-03-20 03:34:36,153 - INFO - [31m[1mWARNING: This is a development server. Do not use it in a production deployment. Use a production WSGI server instead.[0m
 * Running on http://127.0.0.1:5000
2025-03-20 03:34:36,153 - INFO - [33mPress CTRL+C to quit[0m
2025-03-20 03:34:36,160 - INFO -  * Restarting with watchdog (windowsapi)
2025-03-20 03:34:36,344 - WARNING -  * Debugger is active!
2025-03-20 03:34:36,346 - INFO -  * Debugger PIN: 601-453-760
2025-03-20 03:34:36,805 - WARNING -  * Debugger is active!
2025-03-20 03:34:36,807 - INFO -  * Debugger PIN: 601-453-760
2025-03-20 03:35:17,475 - INFO -  * Detected change in 'C:\\Users\\ASUS\\PycharmProjects\\ThingV2\\main.py', reloading
2025-03-20 03:35:17,475 - INFO -  * Detected change in 'C:\\Users\\ASUS\\PycharmProjects\\ThingV2\\main.py', reloading
2025-03-20 03:35:18,058 - INFO -  * Restarting with watchdog (windowsapi)
2025-03-20 03:35:18,719 - WARNING -  * Debugger is active!
2025-03-20 03:35:18,721 - INFO -  * Debugger PIN: 601-453-760
2025-03-20 03:35:19,201 - WARNING -  * Debugger is active!
2025-03-20 03:35:19,203 - INFO -  * Debugger PIN: 601-453-760
2025-03-20 03:35:20,383 - INFO - [31m[1mWARNING: This is a development server. Do not use it in a production deployment. Use a production WSGI server instead.[0m
 * Running on http://127.0.0.1:5000
2025-03-20 03:35:20,383 - INFO - [33mPress CTRL+C to quit[0m
2025-03-20 03:35:20,387 - INFO -  * Restarting with watchdog (windowsapi)
2025-03-20 03:35:20,998 - WARNING -  * Debugger is active!
2025-03-20 03:35:21,000 - INFO -  * Debugger PIN: 601-453-760
2025-03-20 03:37:01,770 - INFO -  * Detected change in 'C:\\Users\\ASUS\\PycharmProjects\\ThingV2\\main.py', reloading
2025-03-20 03:37:01,770 - INFO -  * Detected change in 'C:\\Users\\ASUS\\PycharmProjects\\ThingV2\\main.py', reloading
2025-03-20 03:37:01,770 - INFO -  * Detected change in 'C:\\Users\\ASUS\\PycharmProjects\\ThingV2\\main.py', reloading
2025-03-20 03:37:01,771 - INFO -  * Detected change in 'C:\\Users\\ASUS\\PycharmProjects\\ThingV2\\main.py', reloading
2025-03-20 03:37:02,647 - INFO -  * Restarting with watchdog (windowsapi)
2025-03-20 03:37:55,154 - INFO -  * Restarting with watchdog (windowsapi)
2025-03-20 03:38:09,523 - INFO -  * Restarting with watchdog (windowsapi)
2025-03-20 03:38:29,943 - INFO -  * Restarting with watchdog (windowsapi)
2025-03-20 03:38:51,619 - INFO -  * Restarting with watchdog (windowsapi)
2025-03-20 03:39:07,134 - INFO -  * Restarting with watchdog (windowsapi)
